<?xml version="1.0" encoding="UTF-8"?>
<testsuite xmlns:xsi="http://www.w3.org/2001/XMLSchema-instance" xsi:noNamespaceSchemaLocation="https://maven.apache.org/surefire/maven-surefire-plugin/xsd/surefire-test-report-3.0.xsd" version="3.0" name="cucumberOptions.TestRunner" time="2.998" tests="1" errors="0" skipped="0" failures="0">
  <properties>
    <property name="java.specification.version" value="20"/>
    <property name="sun.cpu.isalist" value="amd64"/>
    <property name="sun.jnu.encoding" value="Cp1252"/>
    <property name="java.class.path" value="C:\Users\RayanAlOthaim\OneDrive - JODAYN\Documents\VSC\API testing\Proj1\jodayn\target\test-classes;C:\Users\RayanAlOthaim\OneDrive - JODAYN\Documents\VSC\API testing\Proj1\jodayn\target\classes;C:\Users\RayanAlOthaim\.m2\repository\io\cucumber\cucumber-java\5.1.3\cucumber-java-5.1.3.jar;C:\Users\RayanAlOthaim\.m2\repository\org\apiguardian\apiguardian-api\1.1.0\apiguardian-api-1.1.0.jar;C:\Users\RayanAlOthaim\.m2\repository\io\cucumber\cucumber-core\5.1.3\cucumber-core-5.1.3.jar;C:\Users\RayanAlOthaim\.m2\repository\io\cucumber\cucumber-gherkin\5.1.3\cucumber-gherkin-5.1.3.jar;C:\Users\RayanAlOthaim\.m2\repository\io\cucumber\cucumber-gherkin-vintage\5.1.3\cucumber-gherkin-vintage-5.1.3.jar;C:\Users\RayanAlOthaim\.m2\repository\io\cucumber\tag-expressions\2.0.4\tag-expressions-2.0.4.jar;C:\Users\RayanAlOthaim\.m2\repository\io\cucumber\cucumber-expressions\8.3.1\cucumber-expressions-8.3.1.jar;C:\Users\RayanAlOthaim\.m2\repository\io\cucumber\datatable\3.2.1\datatable-3.2.1.jar;C:\Users\RayanAlOthaim\.m2\repository\io\cucumber\cucumber-plugin\5.1.3\cucumber-plugin-5.1.3.jar;C:\Users\RayanAlOthaim\.m2\repository\io\cucumber\docstring\5.1.3\docstring-5.1.3.jar;C:\Users\RayanAlOthaim\.m2\repository\io\cucumber\cucumber-junit\5.1.3\cucumber-junit-5.1.3.jar;C:\Users\RayanAlOthaim\.m2\repository\junit\junit\4.13\junit-4.13.jar;C:\Users\RayanAlOthaim\.m2\repository\org\hamcrest\hamcrest-core\1.3\hamcrest-core-1.3.jar;C:\Users\RayanAlOthaim\.m2\repository\io\rest-assured\rest-assured\4.3.0\rest-assured-4.3.0.jar;C:\Users\RayanAlOthaim\.m2\repository\org\codehaus\groovy\groovy\3.0.2\groovy-3.0.2.jar;C:\Users\RayanAlOthaim\.m2\repository\org\codehaus\groovy\groovy-xml\3.0.2\groovy-xml-3.0.2.jar;C:\Users\RayanAlOthaim\.m2\repository\org\apache\httpcomponents\httpclient\4.5.3\httpclient-4.5.3.jar;C:\Users\RayanAlOthaim\.m2\repository\org\apache\httpcomponents\httpcore\4.4.6\httpcore-4.4.6.jar;C:\Users\RayanAlOthaim\.m2\repository\commons-logging\commons-logging\1.2\commons-logging-1.2.jar;C:\Users\RayanAlOthaim\.m2\repository\commons-codec\commons-codec\1.9\commons-codec-1.9.jar;C:\Users\RayanAlOthaim\.m2\repository\org\apache\httpcomponents\httpmime\4.5.3\httpmime-4.5.3.jar;C:\Users\RayanAlOthaim\.m2\repository\org\hamcrest\hamcrest\2.1\hamcrest-2.1.jar;C:\Users\RayanAlOthaim\.m2\repository\org\ccil\cowan\tagsoup\tagsoup\1.2.1\tagsoup-1.2.1.jar;C:\Users\RayanAlOthaim\.m2\repository\io\rest-assured\json-path\4.3.0\json-path-4.3.0.jar;C:\Users\RayanAlOthaim\.m2\repository\org\codehaus\groovy\groovy-json\3.0.2\groovy-json-3.0.2.jar;C:\Users\RayanAlOthaim\.m2\repository\io\rest-assured\rest-assured-common\4.3.0\rest-assured-common-4.3.0.jar;C:\Users\RayanAlOthaim\.m2\repository\io\rest-assured\xml-path\4.3.0\xml-path-4.3.0.jar;C:\Users\RayanAlOthaim\.m2\repository\org\apache\commons\commons-lang3\3.4\commons-lang3-3.4.jar;C:\Users\RayanAlOthaim\.m2\repository\jakarta\xml\bind\jakarta.xml.bind-api\2.3.2\jakarta.xml.bind-api-2.3.2.jar;C:\Users\RayanAlOthaim\.m2\repository\jakarta\activation\jakarta.activation-api\1.2.1\jakarta.activation-api-1.2.1.jar;C:\Users\RayanAlOthaim\.m2\repository\com\sun\xml\bind\jaxb-osgi\2.3.0.1\jaxb-osgi-2.3.0.1.jar;C:\Users\RayanAlOthaim\.m2\repository\org\apache\sling\org.apache.sling.javax.activation\0.1.0\org.apache.sling.javax.activation-0.1.0.jar;C:\Users\RayanAlOthaim\.m2\repository\javax\activation\activation\1.1.1\activation-1.1.1.jar;C:\Users\RayanAlOthaim\.m2\repository\com\fasterxml\jackson\core\jackson-databind\2.11.0\jackson-databind-2.11.0.jar;C:\Users\RayanAlOthaim\.m2\repository\com\fasterxml\jackson\core\jackson-annotations\2.11.0\jackson-annotations-2.11.0.jar;C:\Users\RayanAlOthaim\.m2\repository\com\fasterxml\jackson\core\jackson-core\2.11.0\jackson-core-2.11.0.jar;"/>
    <property name="java.vm.vendor" value="Oracle Corporation"/>
    <property name="sun.arch.data.model" value="64"/>
    <property name="user.variant" value=""/>
    <property name="java.vendor.url" value="https://java.oracle.com/"/>
    <property name="user.timezone" value="Asia/Riyadh"/>
    <property name="os.name" value="Windows 11"/>
    <property name="java.vm.specification.version" value="20"/>
    <property name="sun.java.launcher" value="SUN_STANDARD"/>
    <property name="user.country" value="US"/>
    <property name="sun.boot.library.path" value="C:\Program Files\Java\jdk-20\bin"/>
    <property name="sun.java.command" value="C:\Users\RayanAlOthaim\AppData\Local\Temp\surefire5937610303018657223\surefirebooter-20230817144645029_3.jar C:\Users\RayanAlOthaim\AppData\Local\Temp\surefire5937610303018657223 2023-08-17T14-46-44_880-jvmRun1 surefire-20230817144645029_1tmp surefire_0-20230817144645029_2tmp"/>
    <property name="jdk.debug" value="release"/>
    <property name="surefire.test.class.path" value="C:\Users\RayanAlOthaim\OneDrive - JODAYN\Documents\VSC\API testing\Proj1\jodayn\target\test-classes;C:\Users\RayanAlOthaim\OneDrive - JODAYN\Documents\VSC\API testing\Proj1\jodayn\target\classes;C:\Users\RayanAlOthaim\.m2\repository\io\cucumber\cucumber-java\5.1.3\cucumber-java-5.1.3.jar;C:\Users\RayanAlOthaim\.m2\repository\org\apiguardian\apiguardian-api\1.1.0\apiguardian-api-1.1.0.jar;C:\Users\RayanAlOthaim\.m2\repository\io\cucumber\cucumber-core\5.1.3\cucumber-core-5.1.3.jar;C:\Users\RayanAlOthaim\.m2\repository\io\cucumber\cucumber-gherkin\5.1.3\cucumber-gherkin-5.1.3.jar;C:\Users\RayanAlOthaim\.m2\repository\io\cucumber\cucumber-gherkin-vintage\5.1.3\cucumber-gherkin-vintage-5.1.3.jar;C:\Users\RayanAlOthaim\.m2\repository\io\cucumber\tag-expressions\2.0.4\tag-expressions-2.0.4.jar;C:\Users\RayanAlOthaim\.m2\repository\io\cucumber\cucumber-expressions\8.3.1\cucumber-expressions-8.3.1.jar;C:\Users\RayanAlOthaim\.m2\repository\io\cucumber\datatable\3.2.1\datatable-3.2.1.jar;C:\Users\RayanAlOthaim\.m2\repository\io\cucumber\cucumber-plugin\5.1.3\cucumber-plugin-5.1.3.jar;C:\Users\RayanAlOthaim\.m2\repository\io\cucumber\docstring\5.1.3\docstring-5.1.3.jar;C:\Users\RayanAlOthaim\.m2\repository\io\cucumber\cucumber-junit\5.1.3\cucumber-junit-5.1.3.jar;C:\Users\RayanAlOthaim\.m2\repository\junit\junit\4.13\junit-4.13.jar;C:\Users\RayanAlOthaim\.m2\repository\org\hamcrest\hamcrest-core\1.3\hamcrest-core-1.3.jar;C:\Users\RayanAlOthaim\.m2\repository\io\rest-assured\rest-assured\4.3.0\rest-assured-4.3.0.jar;C:\Users\RayanAlOthaim\.m2\repository\org\codehaus\groovy\groovy\3.0.2\groovy-3.0.2.jar;C:\Users\RayanAlOthaim\.m2\repository\org\codehaus\groovy\groovy-xml\3.0.2\groovy-xml-3.0.2.jar;C:\Users\RayanAlOthaim\.m2\repository\org\apache\httpcomponents\httpclient\4.5.3\httpclient-4.5.3.jar;C:\Users\RayanAlOthaim\.m2\repository\org\apache\httpcomponents\httpcore\4.4.6\httpcore-4.4.6.jar;C:\Users\RayanAlOthaim\.m2\repository\commons-logging\commons-logging\1.2\commons-logging-1.2.jar;C:\Users\RayanAlOthaim\.m2\repository\commons-codec\commons-codec\1.9\commons-codec-1.9.jar;C:\Users\RayanAlOthaim\.m2\repository\org\apache\httpcomponents\httpmime\4.5.3\httpmime-4.5.3.jar;C:\Users\RayanAlOthaim\.m2\repository\org\hamcrest\hamcrest\2.1\hamcrest-2.1.jar;C:\Users\RayanAlOthaim\.m2\repository\org\ccil\cowan\tagsoup\tagsoup\1.2.1\tagsoup-1.2.1.jar;C:\Users\RayanAlOthaim\.m2\repository\io\rest-assured\json-path\4.3.0\json-path-4.3.0.jar;C:\Users\RayanAlOthaim\.m2\repository\org\codehaus\groovy\groovy-json\3.0.2\groovy-json-3.0.2.jar;C:\Users\RayanAlOthaim\.m2\repository\io\rest-assured\rest-assured-common\4.3.0\rest-assured-common-4.3.0.jar;C:\Users\RayanAlOthaim\.m2\repository\io\rest-assured\xml-path\4.3.0\xml-path-4.3.0.jar;C:\Users\RayanAlOthaim\.m2\repository\org\apache\commons\commons-lang3\3.4\commons-lang3-3.4.jar;C:\Users\RayanAlOthaim\.m2\repository\jakarta\xml\bind\jakarta.xml.bind-api\2.3.2\jakarta.xml.bind-api-2.3.2.jar;C:\Users\RayanAlOthaim\.m2\repository\jakarta\activation\jakarta.activation-api\1.2.1\jakarta.activation-api-1.2.1.jar;C:\Users\RayanAlOthaim\.m2\repository\com\sun\xml\bind\jaxb-osgi\2.3.0.1\jaxb-osgi-2.3.0.1.jar;C:\Users\RayanAlOthaim\.m2\repository\org\apache\sling\org.apache.sling.javax.activation\0.1.0\org.apache.sling.javax.activation-0.1.0.jar;C:\Users\RayanAlOthaim\.m2\repository\javax\activation\activation\1.1.1\activation-1.1.1.jar;C:\Users\RayanAlOthaim\.m2\repository\com\fasterxml\jackson\core\jackson-databind\2.11.0\jackson-databind-2.11.0.jar;C:\Users\RayanAlOthaim\.m2\repository\com\fasterxml\jackson\core\jackson-annotations\2.11.0\jackson-annotations-2.11.0.jar;C:\Users\RayanAlOthaim\.m2\repository\com\fasterxml\jackson\core\jackson-core\2.11.0\jackson-core-2.11.0.jar;"/>
    <property name="sun.cpu.endian" value="little"/>
    <property name="user.home" value="C:\Users\RayanAlOthaim"/>
    <property name="user.language" value="en"/>
    <property name="java.specification.vendor" value="Oracle Corporation"/>
    <property name="java.version.date" value="2023-07-18"/>
    <property name="java.home" value="C:\Program Files\Java\jdk-20"/>
    <property name="file.separator" value="\"/>
    <property name="basedir" value="C:\Users\RayanAlOthaim\OneDrive - JODAYN\Documents\VSC\API testing\Proj1\jodayn"/>
    <property name="java.vm.compressedOopsMode" value="Zero based"/>
    <property name="line.separator" value="&#10;"/>
    <property name="java.vm.specification.vendor" value="Oracle Corporation"/>
    <property name="java.specification.name" value="Java Platform API Specification"/>
    <property name="surefire.real.class.path" value="C:\Users\RayanAlOthaim\AppData\Local\Temp\surefire5937610303018657223\surefirebooter-20230817144645029_3.jar"/>
    <property name="user.script" value=""/>
    <property name="sun.management.compiler" value="HotSpot 64-Bit Tiered Compilers"/>
    <property name="java.runtime.version" value="20.0.2+9-78"/>
    <property name="user.name" value="RayanAlOthaim"/>
    <property name="stdout.encoding" value="Cp1252"/>
    <property name="path.separator" value=";"/>
    <property name="os.version" value="10.0"/>
    <property name="java.runtime.name" value="Java(TM) SE Runtime Environment"/>
    <property name="file.encoding" value="UTF-8"/>
    <property name="java.vm.name" value="Java HotSpot(TM) 64-Bit Server VM"/>
    <property name="localRepository" value="C:\Users\RayanAlOthaim\.m2\repository"/>
    <property name="java.vendor.url.bug" value="https://bugreport.java.com/bugreport/"/>
    <property name="java.io.tmpdir" value="C:\Users\RAYANA~1\AppData\Local\Temp\"/>
    <property name="java.version" value="20.0.2"/>
    <property name="cucumber.filter.tags" value="@DeletePlace"/>
    <property name="user.dir" value="C:\Users\RayanAlOthaim\OneDrive - JODAYN\Documents\VSC\API testing\Proj1\jodayn"/>
    <property name="os.arch" value="amd64"/>
    <property name="java.vm.specification.name" value="Java Virtual Machine Specification"/>
    <property name="sun.os.patch.level" value=""/>
    <property name="native.encoding" value="Cp1252"/>
    <property name="java.library.path" value="C:\Program Files\Java\jdk-20\bin;C:\Windows\Sun\Java\bin;C:\Windows\system32;C:\Windows;C:\Program Files\Common Files\Oracle\Java\javapath;C:\Windows\system32;C:\Windows;C:\Windows\System32\Wbem;C:\Windows\System32\WindowsPowerShell\v1.0\;C:\Windows\System32\OpenSSH\;C:\Users\RayanAlOthaim\Downloads\apache-maven-3.9.4-bin\apache-maven-3.9.4\bin;C:\Program Files\nodejs\;C:\Users\RayanAlOthaim\AppData\Local\Microsoft\WindowsApps;C:\Users\RayanAlOthaim\AppData\Local\Programs\Microsoft VS Code\bin;C:\Users\RayanAlOthaim\AppData\Local\Programs\Git\cmd;C:\Users\RayanAlOthaim\AppData\Roaming\npm;."/>
    <property name="java.vm.info" value="mixed mode, sharing"/>
    <property name="stderr.encoding" value="Cp1252"/>
    <property name="java.vendor" value="Oracle Corporation"/>
    <property name="java.vm.version" value="20.0.2+9-78"/>
    <property name="sun.io.unicode.encoding" value="UnicodeLittle"/>
    <property name="java.class.version" value="64.0"/>
  </properties>
  <testcase name="Verify if Delete place functionality is working" classname="Application Login" time="2.769">
    <system-err><![CDATA[Aug 17, 2023 2:46:45 PM io.cucumber.junit.Cucumber <init>
WARNING: By default Cucumber is running in --non-strict mode.
This default will change to --strict and --non-strict will be removed.
You can use --strict or @CucumberOptions(strict = true) to suppress this warning
]]></system-err>
  </testcase>
</testsuite>